2021-10-05T08:30:40.257844Z 0 [Warning] Insecure configuration for --secure-file-priv: Current value does not restrict location of generated files. Consider setting it to a valid, non-empty path.
2021-10-05T08:30:40.261245Z 0 [ERROR] Cannot open Windows EventLog; check privileges, or start server with --log_syslog=0
2021-10-05T08:30:40.261306Z 0 [Note] C:\laragon\bin\mysql\mysql-5.7.33-winx64\bin\mysqld (mysqld 5.7.33) starting as process 15372 ...
2021-10-05T08:30:40.322381Z 0 [Note] InnoDB: Mutexes and rw_locks use Windows interlocked functions
2021-10-05T08:30:40.326316Z 0 [Note] InnoDB: Uses event mutexes
2021-10-05T08:30:40.328788Z 0 [Note] InnoDB: _mm_lfence() and _mm_sfence() are used for memory barrier
2021-10-05T08:30:40.335112Z 0 [Note] InnoDB: Compressed tables use zlib 1.2.11
2021-10-05T08:30:40.339183Z 0 [Note] InnoDB: Number of pools: 1
2021-10-05T08:30:40.341501Z 0 [Note] InnoDB: Not using CPU crc32 instructions
2021-10-05T08:30:40.355542Z 0 [Note] InnoDB: Initializing buffer pool, total size = 128M, instances = 1, chunk size = 128M
2021-10-05T08:30:40.376612Z 0 [Note] InnoDB: Completed initialization of buffer pool
2021-10-05T08:30:40.422020Z 0 [Note] InnoDB: Highest supported file format is Barracuda.
2021-10-05T08:30:40.511967Z 0 [Note] InnoDB: Creating shared tablespace for temporary tables
2021-10-05T08:30:40.514299Z 0 [Note] InnoDB: Setting file '.\ibtmp1' size to 12 MB. Physically writing the file full; Please wait ...
2021-10-05T08:30:40.542591Z 0 [Note] InnoDB: File '.\ibtmp1' size is now 12 MB.
2021-10-05T08:30:40.564209Z 0 [Note] InnoDB: 96 redo rollback segment(s) found. 96 redo rollback segment(s) are active.
2021-10-05T08:30:40.566552Z 0 [Note] InnoDB: 32 non-redo rollback segment(s) are active.
2021-10-05T08:30:40.569238Z 0 [Note] InnoDB: Waiting for purge to start
2021-10-05T08:30:40.634143Z 0 [Note] InnoDB: 5.7.33 started; log sequence number 2747084
2021-10-05T08:30:40.636441Z 0 [Note] InnoDB: Loading buffer pool(s) from C:\laragon\data\mysql\ib_buffer_pool
2021-10-05T08:30:40.636580Z 0 [Note] Plugin 'FEDERATED' is disabled.
2021-10-05T08:30:40.667327Z 0 [Note] Found ca.pem, server-cert.pem and server-key.pem in data directory. Trying to enable SSL support using them.
2021-10-05T08:30:40.669713Z 0 [Note] Skipping generation of SSL certificates as certificate files are present in data directory.
2021-10-05T08:30:40.675887Z 0 [Warning] CA certificate ca.pem is self signed.
2021-10-05T08:30:40.677649Z 0 [Note] Skipping generation of RSA key pair as key files are present in data directory.
2021-10-05T08:30:40.680444Z 0 [Note] InnoDB: Buffer pool(s) load completed at 211005 10:30:40
2021-10-05T08:30:40.680737Z 0 [Note] Server hostname (bind-address): '*'; port: 3306
2021-10-05T08:30:40.685104Z 0 [Note] IPv6 is available.
2021-10-05T08:30:40.686175Z 0 [Note]   - '::' resolves to '::';
2021-10-05T08:30:40.687490Z 0 [Note] Server socket created on IP: '::'.
2021-10-05T08:30:40.814411Z 0 [Note] Event Scheduler: Loaded 0 events
2021-10-05T08:30:40.815605Z 0 [Note] C:\laragon\bin\mysql\mysql-5.7.33-winx64\bin\mysqld: ready for connections.
Version: '5.7.33'  socket: ''  port: 3306  MySQL Community Server (GPL)
2021-10-05T08:30:52.164369Z 0 [Note] C:\laragon\bin\mysql\mysql-5.7.33-winx64\bin\mysqld: Normal shutdown

2021-10-05T08:30:52.167183Z 0 [Note] Giving 0 client threads a chance to die gracefully
2021-10-05T08:30:52.168754Z 0 [Note] Shutting down slave threads
2021-10-05T08:30:52.170334Z 0 [Note] Forcefully disconnecting 0 remaining clients
2021-10-05T08:30:52.171892Z 0 [Note] Event Scheduler: Purging the queue. 0 events
2021-10-05T08:30:52.173656Z 0 [Note] Binlog end
2021-10-05T08:30:52.175835Z 0 [Note] Shutting down plugin 'ngram'
2021-10-05T08:30:52.177405Z 0 [Note] Shutting down plugin 'partition'
2021-10-05T08:30:52.178958Z 0 [Note] Shutting down plugin 'BLACKHOLE'
2021-10-05T08:30:52.180650Z 0 [Note] Shutting down plugin 'ARCHIVE'
2021-10-05T08:30:52.184229Z 0 [Note] Shutting down plugin 'PERFORMANCE_SCHEMA'
2021-10-05T08:30:52.186152Z 0 [Note] Shutting down plugin 'MRG_MYISAM'
2021-10-05T08:30:52.188003Z 0 [Note] Shutting down plugin 'MyISAM'
2021-10-05T08:30:52.189526Z 0 [Note] Shutting down plugin 'INNODB_SYS_VIRTUAL'
2021-10-05T08:30:52.191216Z 0 [Note] Shutting down plugin 'INNODB_SYS_DATAFILES'
2021-10-05T08:30:52.192726Z 0 [Note] Shutting down plugin 'INNODB_SYS_TABLESPACES'
2021-10-05T08:30:52.194023Z 0 [Note] Shutting down plugin 'INNODB_SYS_FOREIGN_COLS'
2021-10-05T08:30:52.195331Z 0 [Note] Shutting down plugin 'INNODB_SYS_FOREIGN'
2021-10-05T08:30:52.196914Z 0 [Note] Shutting down plugin 'INNODB_SYS_FIELDS'
2021-10-05T08:30:52.199177Z 0 [Note] Shutting down plugin 'INNODB_SYS_COLUMNS'
2021-10-05T08:30:52.200697Z 0 [Note] Shutting down plugin 'INNODB_SYS_INDEXES'
2021-10-05T08:30:52.201871Z 0 [Note] Shutting down plugin 'INNODB_SYS_TABLESTATS'
2021-10-05T08:30:52.203082Z 0 [Note] Shutting down plugin 'INNODB_SYS_TABLES'
2021-10-05T08:30:52.204213Z 0 [Note] Shutting down plugin 'INNODB_FT_INDEX_TABLE'
2021-10-05T08:30:52.205390Z 0 [Note] Shutting down plugin 'INNODB_FT_INDEX_CACHE'
2021-10-05T08:30:52.206562Z 0 [Note] Shutting down plugin 'INNODB_FT_CONFIG'
2021-10-05T08:30:52.207677Z 0 [Note] Shutting down plugin 'INNODB_FT_BEING_DELETED'
2021-10-05T08:30:52.208754Z 0 [Note] Shutting down plugin 'INNODB_FT_DELETED'
2021-10-05T08:30:52.209672Z 0 [Note] Shutting down plugin 'INNODB_FT_DEFAULT_STOPWORD'
2021-10-05T08:30:52.210659Z 0 [Note] Shutting down plugin 'INNODB_METRICS'
2021-10-05T08:30:52.211578Z 0 [Note] Shutting down plugin 'INNODB_TEMP_TABLE_INFO'
2021-10-05T08:30:52.212519Z 0 [Note] Shutting down plugin 'INNODB_BUFFER_POOL_STATS'
2021-10-05T08:30:52.213477Z 0 [Note] Shutting down plugin 'INNODB_BUFFER_PAGE_LRU'
2021-10-05T08:30:52.214422Z 0 [Note] Shutting down plugin 'INNODB_BUFFER_PAGE'
2021-10-05T08:30:52.215504Z 0 [Note] Shutting down plugin 'INNODB_CMP_PER_INDEX_RESET'
2021-10-05T08:30:52.216763Z 0 [Note] Shutting down plugin 'INNODB_CMP_PER_INDEX'
2021-10-05T08:30:52.217691Z 0 [Note] Shutting down plugin 'INNODB_CMPMEM_RESET'
2021-10-05T08:30:52.218622Z 0 [Note] Shutting down plugin 'INNODB_CMPMEM'
2021-10-05T08:30:52.219463Z 0 [Note] Shutting down plugin 'INNODB_CMP_RESET'
2021-10-05T08:30:52.220347Z 0 [Note] Shutting down plugin 'INNODB_CMP'
2021-10-05T08:30:52.221183Z 0 [Note] Shutting down plugin 'INNODB_LOCK_WAITS'
2021-10-05T08:30:52.222080Z 0 [Note] Shutting down plugin 'INNODB_LOCKS'
2021-10-05T08:30:52.222908Z 0 [Note] Shutting down plugin 'INNODB_TRX'
2021-10-05T08:30:52.223708Z 0 [Note] Shutting down plugin 'InnoDB'
2021-10-05T08:30:52.224642Z 0 [Note] InnoDB: FTS optimize thread exiting.
2021-10-05T08:30:52.226150Z 0 [Note] InnoDB: Starting shutdown...
2021-10-05T08:30:52.336738Z 0 [Note] InnoDB: Dumping buffer pool(s) to C:\laragon\data\mysql\ib_buffer_pool
2021-10-05T08:30:52.341238Z 0 [Note] InnoDB: Buffer pool(s) dump completed at 211005 10:30:52
2021-10-05T08:30:53.272857Z 0 [Note] InnoDB: Shutdown completed; log sequence number 2747112
2021-10-05T08:30:53.276281Z 0 [Note] InnoDB: Removed temporary tablespace data file: "ibtmp1"
2021-10-05T08:30:53.277806Z 0 [Note] Shutting down plugin 'MEMORY'
2021-10-05T08:30:53.279198Z 0 [Note] Shutting down plugin 'CSV'
2021-10-05T08:30:53.280769Z 0 [Note] Shutting down plugin 'sha256_password'
2021-10-05T08:30:53.282000Z 0 [Note] Shutting down plugin 'mysql_native_password'
2021-10-05T08:30:53.283668Z 0 [Note] Shutting down plugin 'binlog'
2021-10-05T08:30:53.295633Z 0 [Note] C:\laragon\bin\mysql\mysql-5.7.33-winx64\bin\mysqld: Shutdown complete

2021-10-05T08:42:26.525419Z 0 [Warning] [MY-010097] [Server] Insecure configuration for --secure-file-priv: Current value does not restrict location of generated files. Consider setting it to a valid, non-empty path.
2021-10-05T08:42:26.526079Z 0 [System] [MY-010116] [Server] C:\laragon\bin\mysql\mysql-8.0.26-winx64\bin\mysqld (mysqld 8.0.26) starting as process 15328
2021-10-05T08:42:26.612186Z 1 [System] [MY-011012] [Server] Starting upgrade of data directory.
2021-10-05T08:42:26.614128Z 1 [System] [MY-013576] [InnoDB] InnoDB initialization has started.
2021-10-05T08:42:27.745462Z 1 [System] [MY-013577] [InnoDB] InnoDB initialization has ended.
2021-10-05T08:42:31.242648Z 2 [System] [MY-011003] [Server] Finished populating Data Dictionary tables with data.
2021-10-05T08:42:33.542667Z 5 [System] [MY-013381] [Server] Server upgrade from '50700' to '80026' started.
2021-10-05T08:42:45.447595Z 5 [System] [MY-013381] [Server] Server upgrade from '50700' to '80026' completed.
2021-10-05T08:42:45.660545Z 0 [Warning] [MY-013746] [Server] A deprecated TLS version TLSv1 is enabled for channel mysql_main
2021-10-05T08:42:45.664312Z 0 [Warning] [MY-013746] [Server] A deprecated TLS version TLSv1.1 is enabled for channel mysql_main
2021-10-05T08:42:45.690290Z 0 [Warning] [MY-010068] [Server] CA certificate ca.pem is self signed.
2021-10-05T08:42:45.693551Z 0 [System] [MY-013602] [Server] Channel mysql_main configured to support TLS. Encrypted connections are now supported for this channel.
2021-10-05T08:42:45.814018Z 0 [System] [MY-011323] [Server] X Plugin ready for connections. Bind-address: '::' port: 33060
2021-10-05T08:42:45.814855Z 0 [System] [MY-010931] [Server] C:\laragon\bin\mysql\mysql-8.0.26-winx64\bin\mysqld: ready for connections. Version: '8.0.26'  socket: ''  port: 3306  MySQL Community Server - GPL.
2021-10-05T13:49:44.279251Z 1533 [System] [MY-013172] [Server] Received SHUTDOWN from user root. Shutting down mysqld (Version: 8.0.26).
2021-10-05T13:49:44.285531Z 0 [System] [MY-013105] [Server] C:\laragon\bin\mysql\mysql-8.0.26-winx64\bin\mysqld: Normal shutdown.
2021-10-05T13:49:45.462107Z 0 [System] [MY-010910] [Server] C:\laragon\bin\mysql\mysql-8.0.26-winx64\bin\mysqld: Shutdown complete (mysqld 8.0.26)  MySQL Community Server - GPL.
2021-10-07T07:21:30.834008Z 0 [Warning] [MY-010097] [Server] Insecure configuration for --secure-file-priv: Current value does not restrict location of generated files. Consider setting it to a valid, non-empty path.
2021-10-07T07:21:30.835182Z 0 [System] [MY-010116] [Server] C:\laragon\bin\mysql\mysql-8.0.26-winx64\bin\mysqld (mysqld 8.0.26) starting as process 20584
2021-10-07T07:21:30.983988Z 1 [System] [MY-013576] [InnoDB] InnoDB initialization has started.
2021-10-07T07:21:31.662816Z 1 [System] [MY-013577] [InnoDB] InnoDB initialization has ended.
2021-10-07T07:21:32.348608Z 0 [Warning] [MY-013746] [Server] A deprecated TLS version TLSv1 is enabled for channel mysql_main
2021-10-07T07:21:32.350786Z 0 [Warning] [MY-013746] [Server] A deprecated TLS version TLSv1.1 is enabled for channel mysql_main
2021-10-07T07:21:32.379355Z 0 [Warning] [MY-010068] [Server] CA certificate ca.pem is self signed.
2021-10-07T07:21:32.380957Z 0 [System] [MY-013602] [Server] Channel mysql_main configured to support TLS. Encrypted connections are now supported for this channel.
2021-10-07T07:21:32.484205Z 0 [System] [MY-011323] [Server] X Plugin ready for connections. Bind-address: '::' port: 33060
2021-10-07T07:21:32.484541Z 0 [System] [MY-010931] [Server] C:\laragon\bin\mysql\mysql-8.0.26-winx64\bin\mysqld: ready for connections. Version: '8.0.26'  socket: ''  port: 3306  MySQL Community Server - GPL.
2021-10-07T13:30:29.501025Z 3524 [System] [MY-013172] [Server] Received SHUTDOWN from user root. Shutting down mysqld (Version: 8.0.26).
2021-10-07T13:30:29.508074Z 0 [System] [MY-013105] [Server] C:\laragon\bin\mysql\mysql-8.0.26-winx64\bin\mysqld: Normal shutdown.
2021-10-07T13:30:31.133326Z 0 [System] [MY-010910] [Server] C:\laragon\bin\mysql\mysql-8.0.26-winx64\bin\mysqld: Shutdown complete (mysqld 8.0.26)  MySQL Community Server - GPL.
2021-10-07T13:31:45.105056Z 0 [Warning] [MY-010097] [Server] Insecure configuration for --secure-file-priv: Current value does not restrict location of generated files. Consider setting it to a valid, non-empty path.
2021-10-07T13:31:45.105327Z 0 [System] [MY-010116] [Server] C:\laragon\bin\mysql\mysql-8.0.26-winx64\bin\mysqld (mysqld 8.0.26) starting as process 14544
2021-10-07T13:31:45.213097Z 1 [System] [MY-013576] [InnoDB] InnoDB initialization has started.
2021-10-07T13:31:45.792058Z 1 [System] [MY-013577] [InnoDB] InnoDB initialization has ended.
2021-10-07T13:31:46.412291Z 0 [Warning] [MY-013746] [Server] A deprecated TLS version TLSv1 is enabled for channel mysql_main
2021-10-07T13:31:46.413682Z 0 [Warning] [MY-013746] [Server] A deprecated TLS version TLSv1.1 is enabled for channel mysql_main
2021-10-07T13:31:46.445494Z 0 [Warning] [MY-010068] [Server] CA certificate ca.pem is self signed.
2021-10-07T13:31:46.447419Z 0 [System] [MY-013602] [Server] Channel mysql_main configured to support TLS. Encrypted connections are now supported for this channel.
2021-10-07T13:31:46.571519Z 0 [System] [MY-011323] [Server] X Plugin ready for connections. Bind-address: '::' port: 33060
2021-10-07T13:31:46.572011Z 0 [System] [MY-010931] [Server] C:\laragon\bin\mysql\mysql-8.0.26-winx64\bin\mysqld: ready for connections. Version: '8.0.26'  socket: ''  port: 3306  MySQL Community Server - GPL.
2021-10-07T13:32:57.287125Z 28 [System] [MY-013172] [Server] Received SHUTDOWN from user root. Shutting down mysqld (Version: 8.0.26).
2021-10-07T13:32:57.288764Z 0 [System] [MY-013105] [Server] C:\laragon\bin\mysql\mysql-8.0.26-winx64\bin\mysqld: Normal shutdown.
2021-10-07T13:32:57.937736Z 0 [System] [MY-010910] [Server] C:\laragon\bin\mysql\mysql-8.0.26-winx64\bin\mysqld: Shutdown complete (mysqld 8.0.26)  MySQL Community Server - GPL.
2021-10-07T13:34:51.311375Z 0 [Warning] [MY-010097] [Server] Insecure configuration for --secure-file-priv: Current value does not restrict location of generated files. Consider setting it to a valid, non-empty path.
2021-10-07T13:34:51.311467Z 0 [System] [MY-010116] [Server] C:\laragon\bin\mysql\mysql-8.0.26-winx64\bin\mysqld (mysqld 8.0.26) starting as process 8028
2021-10-07T13:34:51.346477Z 1 [System] [MY-013576] [InnoDB] InnoDB initialization has started.
2021-10-07T13:34:51.850693Z 1 [System] [MY-013577] [InnoDB] InnoDB initialization has ended.
2021-10-07T13:34:52.372468Z 0 [Warning] [MY-013746] [Server] A deprecated TLS version TLSv1 is enabled for channel mysql_main
2021-10-07T13:34:52.374110Z 0 [Warning] [MY-013746] [Server] A deprecated TLS version TLSv1.1 is enabled for channel mysql_main
2021-10-07T13:34:52.378382Z 0 [Warning] [MY-010068] [Server] CA certificate ca.pem is self signed.
2021-10-07T13:34:52.379574Z 0 [System] [MY-013602] [Server] Channel mysql_main configured to support TLS. Encrypted connections are now supported for this channel.
2021-10-07T13:34:52.490826Z 0 [System] [MY-011323] [Server] X Plugin ready for connections. Bind-address: '::' port: 33060
2021-10-07T13:34:52.491243Z 0 [System] [MY-010931] [Server] C:\laragon\bin\mysql\mysql-8.0.26-winx64\bin\mysqld: ready for connections. Version: '8.0.26'  socket: ''  port: 3306  MySQL Community Server - GPL.
2021-10-07T13:36:35.248970Z 32 [System] [MY-013172] [Server] Received SHUTDOWN from user root. Shutting down mysqld (Version: 8.0.26).
2021-10-07T13:36:35.250029Z 0 [System] [MY-013105] [Server] C:\laragon\bin\mysql\mysql-8.0.26-winx64\bin\mysqld: Normal shutdown.
2021-10-07T13:36:36.319906Z 0 [System] [MY-010910] [Server] C:\laragon\bin\mysql\mysql-8.0.26-winx64\bin\mysqld: Shutdown complete (mysqld 8.0.26)  MySQL Community Server - GPL.
2021-10-07T13:38:45.236597Z 0 [Warning] [MY-010097] [Server] Insecure configuration for --secure-file-priv: Current value does not restrict location of generated files. Consider setting it to a valid, non-empty path.
2021-10-07T13:38:45.238083Z 0 [System] [MY-010116] [Server] C:\laragon\bin\mysql\mysql-8.0.26-winx64\bin\mysqld (mysqld 8.0.26) starting as process 11364
2021-10-07T13:38:45.527336Z 1 [System] [MY-013576] [InnoDB] InnoDB initialization has started.
2021-10-07T13:38:48.900511Z 1 [System] [MY-013577] [InnoDB] InnoDB initialization has ended.
2021-10-07T13:38:52.701918Z 0 [Warning] [MY-013746] [Server] A deprecated TLS version TLSv1 is enabled for channel mysql_main
2021-10-07T13:38:52.706763Z 0 [Warning] [MY-013746] [Server] A deprecated TLS version TLSv1.1 is enabled for channel mysql_main
2021-10-07T13:38:52.812723Z 0 [Warning] [MY-010068] [Server] CA certificate ca.pem is self signed.
2021-10-07T13:38:52.814952Z 0 [System] [MY-013602] [Server] Channel mysql_main configured to support TLS. Encrypted connections are now supported for this channel.
2021-10-07T13:38:53.150999Z 0 [System] [MY-011323] [Server] X Plugin ready for connections. Bind-address: '::' port: 33060
2021-10-07T13:38:53.152114Z 0 [System] [MY-010931] [Server] C:\laragon\bin\mysql\mysql-8.0.26-winx64\bin\mysqld: ready for connections. Version: '8.0.26'  socket: ''  port: 3306  MySQL Community Server - GPL.
2021-10-07T13:52:15.644009Z 68 [System] [MY-013172] [Server] Received SHUTDOWN from user root. Shutting down mysqld (Version: 8.0.26).
2021-10-07T13:52:15.649538Z 0 [System] [MY-013105] [Server] C:\laragon\bin\mysql\mysql-8.0.26-winx64\bin\mysqld: Normal shutdown.
2021-10-07T13:52:16.241851Z 0 [System] [MY-010910] [Server] C:\laragon\bin\mysql\mysql-8.0.26-winx64\bin\mysqld: Shutdown complete (mysqld 8.0.26)  MySQL Community Server - GPL.
2021-10-07T13:52:24.703827Z 0 [Warning] [MY-010097] [Server] Insecure configuration for --secure-file-priv: Current value does not restrict location of generated files. Consider setting it to a valid, non-empty path.
2021-10-07T13:52:24.704214Z 0 [System] [MY-010116] [Server] C:\laragon\bin\mysql\mysql-8.0.26-winx64\bin\mysqld (mysqld 8.0.26) starting as process 12660
2021-10-07T13:52:24.816875Z 1 [System] [MY-013576] [InnoDB] InnoDB initialization has started.
2021-10-07T13:52:25.603131Z 1 [System] [MY-013577] [InnoDB] InnoDB initialization has ended.
2021-10-07T13:52:26.686637Z 0 [Warning] [MY-013746] [Server] A deprecated TLS version TLSv1 is enabled for channel mysql_main
2021-10-07T13:52:26.688961Z 0 [Warning] [MY-013746] [Server] A deprecated TLS version TLSv1.1 is enabled for channel mysql_main
2021-10-07T13:52:26.747598Z 0 [Warning] [MY-010068] [Server] CA certificate ca.pem is self signed.
2021-10-07T13:52:26.750106Z 0 [System] [MY-013602] [Server] Channel mysql_main configured to support TLS. Encrypted connections are now supported for this channel.
2021-10-07T13:52:27.084544Z 0 [System] [MY-011323] [Server] X Plugin ready for connections. Bind-address: '::' port: 33060
2021-10-07T13:52:27.085327Z 0 [System] [MY-010931] [Server] C:\laragon\bin\mysql\mysql-8.0.26-winx64\bin\mysqld: ready for connections. Version: '8.0.26'  socket: ''  port: 3306  MySQL Community Server - GPL.
2021-10-07T14:58:24.390242Z 930 [System] [MY-013172] [Server] Received SHUTDOWN from user root. Shutting down mysqld (Version: 8.0.26).
2021-10-07T14:58:24.394802Z 0 [System] [MY-013105] [Server] C:\laragon\bin\mysql\mysql-8.0.26-winx64\bin\mysqld: Normal shutdown.
2021-10-07T14:58:25.527207Z 0 [System] [MY-010910] [Server] C:\laragon\bin\mysql\mysql-8.0.26-winx64\bin\mysqld: Shutdown complete (mysqld 8.0.26)  MySQL Community Server - GPL.
